2022-03-10 11:09:07,125 INFO com.FirstSpringBootRestJpaApplication [main] Starting FirstSpringBootRestJpaApplication using Java 17.0.1 on LIN24008686 with PID 15012 (C:\Users\RKHIRAD\Documents\Spring Boot\FirstSpringBootRestJpa\target\classes started by rkhirad in C:\Users\RKHIRAD\Documents\Spring Boot\FirstSpringBootRestJpa)
2022-03-10 11:09:07,132 INFO com.FirstSpringBootRestJpaApplication [main] No active profile set, falling back to 1 default profile: "default"
2022-03-10 11:09:08,137 INFO org.springframework.data.repository.config.RepositoryConfigurationDelegate [main] Bootstrapping Spring Data JPA repositories in DEFAULT mode.
2022-03-10 11:09:08,253 INFO org.springframework.data.repository.config.RepositoryConfigurationDelegate [main] Finished Spring Data repository scanning in 104 ms. Found 1 JPA repository interfaces.
2022-03-10 11:09:08,725 INFO org.springframework.boot.web.embedded.tomcat.TomcatWebServer [main] Tomcat initialized with port(s): 9090 (http)
2022-03-10 11:09:08,733 INFO org.apache.coyote.http11.Http11NioProtocol [main] Initializing ProtocolHandler ["http-nio-9090"]
2022-03-10 11:09:08,733 INFO org.apache.catalina.core.StandardService [main] Starting service [Tomcat]
2022-03-10 11:09:08,733 INFO org.apache.catalina.core.StandardEngine [main] Starting Servlet engine: [Apache Tomcat/9.0.58]
2022-03-10 11:09:08,846 INFO org.apache.catalina.core.ContainerBase.[Tomcat].[localhost].[/] [main] Initializing Spring embedded WebApplicationContext
2022-03-10 11:09:08,847 INFO org.springframework.boot.web.servlet.context.ServletWebServerApplicationContext [main] Root WebApplicationContext: initialization completed in 1667 ms
2022-03-10 11:09:09,132 INFO org.hibernate.jpa.internal.util.LogHelper [main] HHH000204: Processing PersistenceUnitInfo [name: default]
2022-03-10 11:09:09,192 INFO org.hibernate.Version [main] HHH000412: Hibernate ORM core version 5.6.5.Final
2022-03-10 11:09:09,383 INFO org.hibernate.annotations.common.Version [main] HCANN000001: Hibernate Commons Annotations {5.1.2.Final}
2022-03-10 11:09:09,516 INFO com.zaxxer.hikari.HikariDataSource [main] HikariPool-1 - Starting...
2022-03-10 11:09:09,864 INFO com.zaxxer.hikari.HikariDataSource [main] HikariPool-1 - Start completed.
2022-03-10 11:09:09,893 INFO org.hibernate.dialect.Dialect [main] HHH000400: Using dialect: org.hibernate.dialect.PostgreSQL10Dialect
2022-03-10 11:09:10,356 INFO org.hibernate.engine.transaction.jta.platform.internal.JtaPlatformInitiator [main] HHH000490: Using JtaPlatform implementation: [org.hibernate.engine.transaction.jta.platform.internal.NoJtaPlatform]
2022-03-10 11:09:10,362 INFO org.springframework.orm.jpa.LocalContainerEntityManagerFactoryBean [main] Initialized JPA EntityManagerFactory for persistence unit 'default'
2022-03-10 11:09:10,876 WARN org.springframework.boot.autoconfigure.orm.jpa.JpaBaseConfiguration$JpaWebConfiguration [main] spring.jpa.open-in-view is enabled by default. Therefore, database queries may be performed during view rendering. Explicitly configure spring.jpa.open-in-view to disable this warning
2022-03-10 11:09:11,190 INFO org.apache.coyote.http11.Http11NioProtocol [main] Starting ProtocolHandler ["http-nio-9090"]
2022-03-10 11:09:11,213 INFO org.springframework.boot.web.embedded.tomcat.TomcatWebServer [main] Tomcat started on port(s): 9090 (http) with context path ''
2022-03-10 11:09:11,398 INFO com.FirstSpringBootRestJpaApplication [main] Started FirstSpringBootRestJpaApplication in 4.601 seconds (JVM running for 5.324)
2022-03-10 18:02:30,350 INFO org.springframework.boot.admin.SpringApplicationAdminMXBeanRegistrar$SpringApplicationAdmin [RMI TCP Connection(417)-127.0.0.1] Application shutdown requested.
2022-03-10 18:02:30,476 INFO org.springframework.orm.jpa.LocalContainerEntityManagerFactoryBean [RMI TCP Connection(417)-127.0.0.1] Closing JPA EntityManagerFactory for persistence unit 'default'
2022-03-10 18:02:30,489 INFO com.zaxxer.hikari.HikariDataSource [RMI TCP Connection(417)-127.0.0.1] HikariPool-1 - Shutdown initiated...
2022-03-10 18:02:30,498 INFO com.zaxxer.hikari.HikariDataSource [RMI TCP Connection(417)-127.0.0.1] HikariPool-1 - Shutdown completed.
2022-03-10 18:02:36,158 INFO com.FirstSpringBootRestJpaApplication [main] Starting FirstSpringBootRestJpaApplication using Java 17.0.1 on LIN24008686 with PID 25304 (C:\Users\RKHIRAD\Documents\Spring Boot\FirstSpringBootRestJpa\target\classes started by rkhirad in C:\Users\RKHIRAD\Documents\Spring Boot\FirstSpringBootRestJpa)
2022-03-10 18:02:36,160 INFO com.FirstSpringBootRestJpaApplication [main] No active profile set, falling back to 1 default profile: "default"
2022-03-10 18:02:37,116 INFO org.springframework.data.repository.config.RepositoryConfigurationDelegate [main] Bootstrapping Spring Data JPA repositories in DEFAULT mode.
2022-03-10 18:02:37,221 INFO org.springframework.data.repository.config.RepositoryConfigurationDelegate [main] Finished Spring Data repository scanning in 98 ms. Found 1 JPA repository interfaces.
2022-03-10 18:02:37,665 INFO org.springframework.boot.web.embedded.tomcat.TomcatWebServer [main] Tomcat initialized with port(s): 9090 (http)
2022-03-10 18:02:37,673 INFO org.apache.coyote.http11.Http11NioProtocol [main] Initializing ProtocolHandler ["http-nio-9090"]
2022-03-10 18:02:37,674 INFO org.apache.catalina.core.StandardService [main] Starting service [Tomcat]
2022-03-10 18:02:37,674 INFO org.apache.catalina.core.StandardEngine [main] Starting Servlet engine: [Apache Tomcat/9.0.58]
2022-03-10 18:02:37,796 INFO org.apache.catalina.core.ContainerBase.[Tomcat].[localhost].[/] [main] Initializing Spring embedded WebApplicationContext
2022-03-10 18:02:37,796 INFO org.springframework.boot.web.servlet.context.ServletWebServerApplicationContext [main] Root WebApplicationContext: initialization completed in 1602 ms
2022-03-10 18:02:37,943 INFO org.hibernate.jpa.internal.util.LogHelper [main] HHH000204: Processing PersistenceUnitInfo [name: default]
2022-03-10 18:02:37,978 INFO org.hibernate.Version [main] HHH000412: Hibernate ORM core version 5.6.5.Final
2022-03-10 18:02:38,118 INFO org.hibernate.annotations.common.Version [main] HCANN000001: Hibernate Commons Annotations {5.1.2.Final}
2022-03-10 18:02:38,207 INFO com.zaxxer.hikari.HikariDataSource [main] HikariPool-1 - Starting...
2022-03-10 18:02:38,543 INFO com.zaxxer.hikari.HikariDataSource [main] HikariPool-1 - Start completed.
2022-03-10 18:02:38,570 INFO org.hibernate.dialect.Dialect [main] HHH000400: Using dialect: org.hibernate.dialect.PostgreSQL10Dialect
2022-03-10 18:02:39,140 INFO org.hibernate.engine.transaction.jta.platform.internal.JtaPlatformInitiator [main] HHH000490: Using JtaPlatform implementation: [org.hibernate.engine.transaction.jta.platform.internal.NoJtaPlatform]
2022-03-10 18:02:39,148 INFO org.springframework.orm.jpa.LocalContainerEntityManagerFactoryBean [main] Initialized JPA EntityManagerFactory for persistence unit 'default'
2022-03-10 18:02:39,678 WARN org.springframework.boot.autoconfigure.orm.jpa.JpaBaseConfiguration$JpaWebConfiguration [main] spring.jpa.open-in-view is enabled by default. Therefore, database queries may be performed during view rendering. Explicitly configure spring.jpa.open-in-view to disable this warning
2022-03-10 18:02:40,001 INFO org.apache.coyote.http11.Http11NioProtocol [main] Starting ProtocolHandler ["http-nio-9090"]
2022-03-10 18:02:40,025 INFO org.springframework.boot.web.embedded.tomcat.TomcatWebServer [main] Tomcat started on port(s): 9090 (http) with context path ''
2022-03-10 18:02:40,220 INFO com.FirstSpringBootRestJpaApplication [main] Started FirstSpringBootRestJpaApplication in 4.35 seconds (JVM running for 5.035)
2022-03-10 18:03:12,437 INFO org.springframework.boot.admin.SpringApplicationAdminMXBeanRegistrar$SpringApplicationAdmin [RMI TCP Connection(4)-127.0.0.1] Application shutdown requested.
2022-03-10 18:03:12,458 INFO org.springframework.orm.jpa.LocalContainerEntityManagerFactoryBean [RMI TCP Connection(4)-127.0.0.1] Closing JPA EntityManagerFactory for persistence unit 'default'
2022-03-10 18:03:12,461 INFO com.zaxxer.hikari.HikariDataSource [RMI TCP Connection(4)-127.0.0.1] HikariPool-1 - Shutdown initiated...
2022-03-10 18:03:12,462 INFO com.zaxxer.hikari.HikariDataSource [RMI TCP Connection(4)-127.0.0.1] HikariPool-1 - Shutdown completed.
